2015-01-28 11:49:56.172 1 INSERT INTO SYSTEM_LOBS.BLOCKS VALUES(?,?,?) (0,2147483647,0)
2015-01-28 11:49:56.176 1 COMMIT 
2015-01-28 11:50:24.761 2 CALL USER() 
2015-01-28 11:50:24.761 2 COMMIT 
2015-01-28 11:50:24.821 2 SELECT * FROM INFORMATION_SCHEMA.SYSTEM_TABLES WHERE TRUE AND TABLE_TYPE IN ('TABLE','GLOBAL TEMPORARY','VIEW') 
2015-01-28 11:50:24.908 2 CALL USER() 
2015-01-28 11:50:24.909 2 COMMIT 
2015-01-28 11:50:24.911 2 call database_version() 
2015-01-28 11:50:24.911 2 COMMIT 
2015-01-28 11:50:24.976 2 SELECT * FROM INFORMATION_SCHEMA.SYSTEM_SCHEMAS 
2015-01-28 12:01:59.795 2 SELECT * FROM INFORMATION_SCHEMA.SYSTEM_TABLES WHERE TRUE AND TABLE_TYPE IN ('TABLE','GLOBAL TEMPORARY','VIEW','SYSTEM TABLE') 
2015-01-28 12:01:59.815 2 SELECT * FROM INFORMATION_SCHEMA.SYSTEM_COLUMNS WHERE TRUE AND TABLE_SCHEM LIKE 'INFORMATION_SCHEMA' AND TABLE_NAME LIKE 'ADMINISTRABLE_ROLE_AUTHORIZATIONS' 
2015-01-28 12:01:59.910 2 SELECT * FROM INFORMATION_SCHEMA.SYSTEM_INDEXINFO WHERE TRUE AND TABLE_SCHEM = 'INFORMATION_SCHEMA' AND TABLE_NAME = 'ADMINISTRABLE_ROLE_AUTHORIZATIONS' 
2015-01-28 12:01:59.913 2 SELECT * FROM INFORMATION_SCHEMA.SYSTEM_COLUMNS WHERE TRUE AND TABLE_SCHEM LIKE 'INFORMATION_SCHEMA' AND TABLE_NAME LIKE 'APPLICABLE_ROLES' 
2015-01-28 12:01:59.930 2 SELECT * FROM INFORMATION_SCHEMA.SYSTEM_INDEXINFO WHERE TRUE AND TABLE_SCHEM = 'INFORMATION_SCHEMA' AND TABLE_NAME = 'APPLICABLE_ROLES' 
2015-01-28 12:01:59.946 2 SELECT * FROM INFORMATION_SCHEMA.SYSTEM_COLUMNS WHERE TRUE AND TABLE_SCHEM LIKE 'INFORMATION_SCHEMA' AND TABLE_NAME = 'ASSERTIONS' 
2015-01-28 12:01:59.951 2 SELECT * FROM INFORMATION_SCHEMA.SYSTEM_INDEXINFO WHERE TRUE AND TABLE_SCHEM = 'INFORMATION_SCHEMA' AND TABLE_NAME = 'ASSERTIONS' 
2015-01-28 12:01:59.953 2 SELECT * FROM INFORMATION_SCHEMA.SYSTEM_COLUMNS WHERE TRUE AND TABLE_SCHEM LIKE 'INFORMATION_SCHEMA' AND TABLE_NAME = 'AUTHORIZATIONS' 
2015-01-28 12:01:59.956 2 SELECT * FROM INFORMATION_SCHEMA.SYSTEM_INDEXINFO WHERE TRUE AND TABLE_SCHEM = 'INFORMATION_SCHEMA' AND TABLE_NAME = 'AUTHORIZATIONS' 
2015-01-28 12:01:59.959 2 SELECT * FROM INFORMATION_SCHEMA.SYSTEM_COLUMNS WHERE TRUE AND TABLE_SCHEM LIKE 'INFORMATION_SCHEMA' AND TABLE_NAME LIKE 'CHARACTER_SETS' 
2015-01-28 12:01:59.973 2 SELECT * FROM INFORMATION_SCHEMA.SYSTEM_INDEXINFO WHERE TRUE AND TABLE_SCHEM = 'INFORMATION_SCHEMA' AND TABLE_NAME = 'CHARACTER_SETS' 
2015-01-28 12:01:59.976 2 SELECT * FROM INFORMATION_SCHEMA.SYSTEM_COLUMNS WHERE TRUE AND TABLE_SCHEM LIKE 'INFORMATION_SCHEMA' AND TABLE_NAME LIKE 'CHECK_CONSTRAINTS' 
2015-01-28 12:01:59.989 2 SELECT * FROM INFORMATION_SCHEMA.SYSTEM_INDEXINFO WHERE TRUE AND TABLE_SCHEM = 'INFORMATION_SCHEMA' AND TABLE_NAME = 'CHECK_CONSTRAINTS' 
2015-01-28 12:01:59.992 2 SELECT * FROM INFORMATION_SCHEMA.SYSTEM_COLUMNS WHERE TRUE AND TABLE_SCHEM LIKE 'INFORMATION_SCHEMA' AND TABLE_NAME LIKE 'CHECK_CONSTRAINT_ROUTINE_USAGE' 
2015-01-28 12:02:00.003 2 SELECT * FROM INFORMATION_SCHEMA.SYSTEM_INDEXINFO WHERE TRUE AND TABLE_SCHEM = 'INFORMATION_SCHEMA' AND TABLE_NAME = 'CHECK_CONSTRAINT_ROUTINE_USAGE' 
2015-01-28 12:02:00.005 2 SELECT * FROM INFORMATION_SCHEMA.SYSTEM_COLUMNS WHERE TRUE AND TABLE_SCHEM LIKE 'INFORMATION_SCHEMA' AND TABLE_NAME = 'COLLATIONS' 
2015-01-28 12:02:00.007 2 SELECT * FROM INFORMATION_SCHEMA.SYSTEM_INDEXINFO WHERE TRUE AND TABLE_SCHEM = 'INFORMATION_SCHEMA' AND TABLE_NAME = 'COLLATIONS' 
2015-01-28 12:02:00.011 2 SELECT * FROM INFORMATION_SCHEMA.SYSTEM_COLUMNS WHERE TRUE AND TABLE_SCHEM LIKE 'INFORMATION_SCHEMA' AND TABLE_NAME = 'COLUMNS' 
2015-01-28 12:02:00.028 2 SELECT * FROM INFORMATION_SCHEMA.SYSTEM_INDEXINFO WHERE TRUE AND TABLE_SCHEM = 'INFORMATION_SCHEMA' AND TABLE_NAME = 'COLUMNS' 
2015-01-28 12:02:00.033 2 SELECT * FROM INFORMATION_SCHEMA.SYSTEM_COLUMNS WHERE TRUE AND TABLE_SCHEM LIKE 'INFORMATION_SCHEMA' AND TABLE_NAME LIKE 'COLUMN_COLUMN_USAGE' 
2015-01-28 12:02:00.051 2 SELECT * FROM INFORMATION_SCHEMA.SYSTEM_INDEXINFO WHERE TRUE AND TABLE_SCHEM = 'INFORMATION_SCHEMA' AND TABLE_NAME = 'COLUMN_COLUMN_USAGE' 
2015-01-28 12:02:00.053 2 SELECT * FROM INFORMATION_SCHEMA.SYSTEM_COLUMNS WHERE TRUE AND TABLE_SCHEM LIKE 'INFORMATION_SCHEMA' AND TABLE_NAME LIKE 'COLUMN_DOMAIN_USAGE' 
2015-01-28 12:02:00.064 2 SELECT * FROM INFORMATION_SCHEMA.SYSTEM_INDEXINFO WHERE TRUE AND TABLE_SCHEM = 'INFORMATION_SCHEMA' AND TABLE_NAME = 'COLUMN_DOMAIN_USAGE' 
2015-01-28 12:02:00.066 2 SELECT * FROM INFORMATION_SCHEMA.SYSTEM_COLUMNS WHERE TRUE AND TABLE_SCHEM LIKE 'INFORMATION_SCHEMA' AND TABLE_NAME LIKE 'COLUMN_PRIVILEGES' 
2015-01-28 12:02:00.076 2 SELECT * FROM INFORMATION_SCHEMA.SYSTEM_INDEXINFO WHERE TRUE AND TABLE_SCHEM = 'INFORMATION_SCHEMA' AND TABLE_NAME = 'COLUMN_PRIVILEGES' 
2015-01-28 12:02:00.078 2 SELECT * FROM INFORMATION_SCHEMA.SYSTEM_COLUMNS WHERE TRUE AND TABLE_SCHEM LIKE 'INFORMATION_SCHEMA' AND TABLE_NAME LIKE 'COLUMN_UDT_USAGE' 
2015-01-28 12:02:00.087 2 SELECT * FROM INFORMATION_SCHEMA.SYSTEM_INDEXINFO WHERE TRUE AND TABLE_SCHEM = 'INFORMATION_SCHEMA' AND TABLE_NAME = 'COLUMN_UDT_USAGE' 
2015-01-28 12:02:00.088 2 SELECT * FROM INFORMATION_SCHEMA.SYSTEM_COLUMNS WHERE TRUE AND TABLE_SCHEM LIKE 'INFORMATION_SCHEMA' AND TABLE_NAME LIKE 'CONSTRAINT_COLUMN_USAGE' 
2015-01-28 12:02:00.097 2 SELECT * FROM INFORMATION_SCHEMA.SYSTEM_INDEXINFO WHERE TRUE AND TABLE_SCHEM = 'INFORMATION_SCHEMA' AND TABLE_NAME = 'CONSTRAINT_COLUMN_USAGE' 
2015-01-28 12:02:00.099 2 SELECT * FROM INFORMATION_SCHEMA.SYSTEM_COLUMNS WHERE TRUE AND TABLE_SCHEM LIKE 'INFORMATION_SCHEMA' AND TABLE_NAME LIKE 'CONSTRAINT_TABLE_USAGE' 
2015-01-28 12:02:00.107 2 SELECT * FROM INFORMATION_SCHEMA.SYSTEM_INDEXINFO WHERE TRUE AND TABLE_SCHEM = 'INFORMATION_SCHEMA' AND TABLE_NAME = 'CONSTRAINT_TABLE_USAGE' 
2015-01-28 12:02:00.109 2 SELECT * FROM INFORMATION_SCHEMA.SYSTEM_COLUMNS WHERE TRUE AND TABLE_SCHEM LIKE 'INFORMATION_SCHEMA' AND TABLE_NAME LIKE 'DATA_TYPE_PRIVILEGES' 
2015-01-28 12:02:00.114 2 SELECT * FROM INFORMATION_SCHEMA.SYSTEM_INDEXINFO WHERE TRUE AND TABLE_SCHEM = 'INFORMATION_SCHEMA' AND TABLE_NAME = 'DATA_TYPE_PRIVILEGES' 
2015-01-28 12:02:00.115 2 SELECT * FROM INFORMATION_SCHEMA.SYSTEM_COLUMNS WHERE TRUE AND TABLE_SCHEM LIKE 'INFORMATION_SCHEMA' AND TABLE_NAME = 'DOMAINS' 
2015-01-28 12:02:00.122 2 SELECT * FROM INFORMATION_SCHEMA.SYSTEM_INDEXINFO WHERE TRUE AND TABLE_SCHEM = 'INFORMATION_SCHEMA' AND TABLE_NAME = 'DOMAINS' 
2015-01-28 12:02:00.124 2 SELECT * FROM INFORMATION_SCHEMA.SYSTEM_COLUMNS WHERE TRUE AND TABLE_SCHEM LIKE 'INFORMATION_SCHEMA' AND TABLE_NAME LIKE 'DOMAIN_CONSTRAINTS' 
2015-01-28 12:02:00.128 2 SELECT * FROM INFORMATION_SCHEMA.SYSTEM_INDEXINFO WHERE TRUE AND TABLE_SCHEM = 'INFORMATION_SCHEMA' AND TABLE_NAME = 'DOMAIN_CONSTRAINTS' 
2015-01-28 12:02:00.129 2 SELECT * FROM INFORMATION_SCHEMA.SYSTEM_COLUMNS WHERE TRUE AND TABLE_SCHEM LIKE 'INFORMATION_SCHEMA' AND TABLE_NAME LIKE 'ELEMENT_TYPES' 
2015-01-28 12:02:00.136 2 SELECT * FROM INFORMATION_SCHEMA.SYSTEM_INDEXINFO WHERE TRUE AND TABLE_SCHEM = 'INFORMATION_SCHEMA' AND TABLE_NAME = 'ELEMENT_TYPES' 
2015-01-28 12:02:00.138 2 SELECT * FROM INFORMATION_SCHEMA.SYSTEM_COLUMNS WHERE TRUE AND TABLE_SCHEM LIKE 'INFORMATION_SCHEMA' AND TABLE_NAME LIKE 'ENABLED_ROLES' 
2015-01-28 12:02:00.141 2 SELECT * FROM INFORMATION_SCHEMA.SYSTEM_INDEXINFO WHERE TRUE AND TABLE_SCHEM = 'INFORMATION_SCHEMA' AND TABLE_NAME = 'ENABLED_ROLES' 
2015-01-28 12:02:00.142 2 SELECT * FROM INFORMATION_SCHEMA.SYSTEM_COLUMNS WHERE TRUE AND TABLE_SCHEM LIKE 'INFORMATION_SCHEMA' AND TABLE_NAME LIKE 'INFORMATION_SCHEMA_CATALOG_NAME' 
2015-01-28 12:02:00.145 2 SELECT * FROM INFORMATION_SCHEMA.SYSTEM_INDEXINFO WHERE TRUE AND TABLE_SCHEM = 'INFORMATION_SCHEMA' AND TABLE_NAME = 'INFORMATION_SCHEMA_CATALOG_NAME' 
2015-01-28 12:02:00.146 2 SELECT * FROM INFORMATION_SCHEMA.SYSTEM_COLUMNS WHERE TRUE AND TABLE_SCHEM LIKE 'INFORMATION_SCHEMA' AND TABLE_NAME = 'JARS' 
2015-01-28 12:02:00.148 2 SELECT * FROM INFORMATION_SCHEMA.SYSTEM_INDEXINFO WHERE TRUE AND TABLE_SCHEM = 'INFORMATION_SCHEMA' AND TABLE_NAME = 'JARS' 
2015-01-28 12:02:00.151 2 SELECT * FROM INFORMATION_SCHEMA.SYSTEM_COLUMNS WHERE TRUE AND TABLE_SCHEM LIKE 'INFORMATION_SCHEMA' AND TABLE_NAME LIKE 'JAR_JAR_USAGE' 
2015-01-28 12:02:00.158 2 SELECT * FROM INFORMATION_SCHEMA.SYSTEM_INDEXINFO WHERE TRUE AND TABLE_SCHEM = 'INFORMATION_SCHEMA' AND TABLE_NAME = 'JAR_JAR_USAGE' 
2015-01-28 12:02:00.160 2 SELECT * FROM INFORMATION_SCHEMA.SYSTEM_COLUMNS WHERE TRUE AND TABLE_SCHEM LIKE 'INFORMATION_SCHEMA' AND TABLE_NAME LIKE 'KEY_COLUMN_USAGE' 
2015-01-28 12:02:00.164 2 SELECT * FROM INFORMATION_SCHEMA.SYSTEM_INDEXINFO WHERE TRUE AND TABLE_SCHEM = 'INFORMATION_SCHEMA' AND TABLE_NAME = 'KEY_COLUMN_USAGE' 
2015-01-28 12:02:00.165 2 SELECT * FROM INFORMATION_SCHEMA.SYSTEM_COLUMNS WHERE TRUE AND TABLE_SCHEM LIKE 'INFORMATION_SCHEMA' AND TABLE_NAME = 'PARAMETERS' 
2015-01-28 12:02:00.172 2 SELECT * FROM INFORMATION_SCHEMA.SYSTEM_INDEXINFO WHERE TRUE AND TABLE_SCHEM = 'INFORMATION_SCHEMA' AND TABLE_NAME = 'PARAMETERS' 
2015-01-28 12:02:00.173 2 SELECT * FROM INFORMATION_SCHEMA.SYSTEM_COLUMNS WHERE TRUE AND TABLE_SCHEM LIKE 'INFORMATION_SCHEMA' AND TABLE_NAME LIKE 'REFERENTIAL_CONSTRAINTS' 
2015-01-28 12:02:00.177 2 SELECT * FROM INFORMATION_SCHEMA.SYSTEM_INDEXINFO WHERE TRUE AND TABLE_SCHEM = 'INFORMATION_SCHEMA' AND TABLE_NAME = 'REFERENTIAL_CONSTRAINTS' 
2015-01-28 12:02:00.179 2 SELECT * FROM INFORMATION_SCHEMA.SYSTEM_COLUMNS WHERE TRUE AND TABLE_SCHEM LIKE 'INFORMATION_SCHEMA' AND TABLE_NAME LIKE 'ROLE_AUTHORIZATION_DESCRIPTORS' 
2015-01-28 12:02:00.183 2 SELECT * FROM INFORMATION_SCHEMA.SYSTEM_INDEXINFO WHERE TRUE AND TABLE_SCHEM = 'INFORMATION_SCHEMA' AND TABLE_NAME = 'ROLE_AUTHORIZATION_DESCRIPTORS' 
2015-01-28 12:02:00.185 2 SELECT * FROM INFORMATION_SCHEMA.SYSTEM_COLUMNS WHERE TRUE AND TABLE_SCHEM LIKE 'INFORMATION_SCHEMA' AND TABLE_NAME LIKE 'ROLE_COLUMN_GRANTS' 
2015-01-28 12:02:00.188 2 SELECT * FROM INFORMATION_SCHEMA.SYSTEM_INDEXINFO WHERE TRUE AND TABLE_SCHEM = 'INFORMATION_SCHEMA' AND TABLE_NAME = 'ROLE_COLUMN_GRANTS' 
2015-01-28 12:02:00.190 2 SELECT * FROM INFORMATION_SCHEMA.SYSTEM_COLUMNS WHERE TRUE AND TABLE_SCHEM LIKE 'INFORMATION_SCHEMA' AND TABLE_NAME LIKE 'ROLE_ROUTINE_GRANTS' 
2015-01-28 12:02:00.194 2 SELECT * FROM INFORMATION_SCHEMA.SYSTEM_INDEXINFO WHERE TRUE AND TABLE_SCHEM = 'INFORMATION_SCHEMA' AND TABLE_NAME = 'ROLE_ROUTINE_GRANTS' 
2015-01-28 12:02:00.195 2 SELECT * FROM INFORMATION_SCHEMA.SYSTEM_COLUMNS WHERE TRUE AND TABLE_SCHEM LIKE 'INFORMATION_SCHEMA' AND TABLE_NAME LIKE 'ROLE_TABLE_GRANTS' 
2015-01-28 12:02:00.199 2 SELECT * FROM INFORMATION_SCHEMA.SYSTEM_INDEXINFO WHERE TRUE AND TABLE_SCHEM = 'INFORMATION_SCHEMA' AND TABLE_NAME = 'ROLE_TABLE_GRANTS' 
2015-01-28 12:02:00.201 2 SELECT * FROM INFORMATION_SCHEMA.SYSTEM_COLUMNS WHERE TRUE AND TABLE_SCHEM LIKE 'INFORMATION_SCHEMA' AND TABLE_NAME LIKE 'ROLE_UDT_GRANTS' 
2015-01-28 12:02:00.205 2 SELECT * FROM INFORMATION_SCHEMA.SYSTEM_INDEXINFO WHERE TRUE AND TABLE_SCHEM = 'INFORMATION_SCHEMA' AND TABLE_NAME = 'ROLE_UDT_GRANTS' 
2015-01-28 12:02:00.206 2 SELECT * FROM INFORMATION_SCHEMA.SYSTEM_COLUMNS WHERE TRUE AND TABLE_SCHEM LIKE 'INFORMATION_SCHEMA' AND TABLE_NAME LIKE 'ROLE_USAGE_GRANTS' 
2015-01-28 12:02:00.210 2 SELECT * FROM INFORMATION_SCHEMA.SYSTEM_INDEXINFO WHERE TRUE AND TABLE_SCHEM = 'INFORMATION_SCHEMA' AND TABLE_NAME = 'ROLE_USAGE_GRANTS' 
2015-01-28 12:02:00.211 2 SELECT * FROM INFORMATION_SCHEMA.SYSTEM_COLUMNS WHERE TRUE AND TABLE_SCHEM LIKE 'INFORMATION_SCHEMA' AND TABLE_NAME = 'ROUTINES' 
2015-01-28 12:02:00.245 2 SELECT * FROM INFORMATION_SCHEMA.SYSTEM_INDEXINFO WHERE TRUE AND TABLE_SCHEM = 'INFORMATION_SCHEMA' AND TABLE_NAME = 'ROUTINES' 
2015-01-28 12:02:00.247 2 SELECT * FROM INFORMATION_SCHEMA.SYSTEM_COLUMNS WHERE TRUE AND TABLE_SCHEM LIKE 'INFORMATION_SCHEMA' AND TABLE_NAME LIKE 'ROUTINE_COLUMN_USAGE' 
2015-01-28 12:02:00.266 2 SELECT * FROM INFORMATION_SCHEMA.SYSTEM_INDEXINFO WHERE TRUE AND TABLE_SCHEM = 'INFORMATION_SCHEMA' AND TABLE_NAME = 'ROUTINE_COLUMN_USAGE' 
2015-01-28 12:02:00.274 2 SELECT * FROM INFORMATION_SCHEMA.SYSTEM_COLUMNS WHERE TRUE AND TABLE_SCHEM LIKE 'INFORMATION_SCHEMA' AND TABLE_NAME LIKE 'ROUTINE_JAR_USAGE' 
2015-01-28 12:02:00.283 2 SELECT * FROM INFORMATION_SCHEMA.SYSTEM_INDEXINFO WHERE TRUE AND TABLE_SCHEM = 'INFORMATION_SCHEMA' AND TABLE_NAME = 'ROUTINE_JAR_USAGE' 
2015-01-28 12:02:00.285 2 SELECT * FROM INFORMATION_SCHEMA.SYSTEM_COLUMNS WHERE TRUE AND TABLE_SCHEM LIKE 'INFORMATION_SCHEMA' AND TABLE_NAME LIKE 'ROUTINE_PRIVILEGES' 
2015-01-28 12:02:00.296 2 SELECT * FROM INFORMATION_SCHEMA.SYSTEM_INDEXINFO WHERE TRUE AND TABLE_SCHEM = 'INFORMATION_SCHEMA' AND TABLE_NAME = 'ROUTINE_PRIVILEGES' 
2015-01-28 12:02:00.299 2 SELECT * FROM INFORMATION_SCHEMA.SYSTEM_COLUMNS WHERE TRUE AND TABLE_SCHEM LIKE 'INFORMATION_SCHEMA' AND TABLE_NAME LIKE 'ROUTINE_ROUTINE_USAGE' 
2015-01-28 12:02:00.304 2 SELECT * FROM INFORMATION_SCHEMA.SYSTEM_INDEXINFO WHERE TRUE AND TABLE_SCHEM = 'INFORMATION_SCHEMA' AND TABLE_NAME = 'ROUTINE_ROUTINE_USAGE' 
2015-01-28 12:02:00.307 2 SELECT * FROM INFORMATION_SCHEMA.SYSTEM_COLUMNS WHERE TRUE AND TABLE_SCHEM LIKE 'INFORMATION_SCHEMA' AND TABLE_NAME LIKE 'ROUTINE_SEQUENCE_USAGE' 
2015-01-28 12:02:00.311 2 SELECT * FROM INFORMATION_SCHEMA.SYSTEM_INDEXINFO WHERE TRUE AND TABLE_SCHEM = 'INFORMATION_SCHEMA' AND TABLE_NAME = 'ROUTINE_SEQUENCE_USAGE' 
2015-01-28 12:02:00.313 2 SELECT * FROM INFORMATION_SCHEMA.SYSTEM_COLUMNS WHERE TRUE AND TABLE_SCHEM LIKE 'INFORMATION_SCHEMA' AND TABLE_NAME LIKE 'ROUTINE_TABLE_USAGE' 
2015-01-28 12:02:00.318 2 SELECT * FROM INFORMATION_SCHEMA.SYSTEM_INDEXINFO WHERE TRUE AND TABLE_SCHEM = 'INFORMATION_SCHEMA' AND TABLE_NAME = 'ROUTINE_TABLE_USAGE' 
2015-01-28 12:02:00.320 2 SELECT * FROM INFORMATION_SCHEMA.SYSTEM_COLUMNS WHERE TRUE AND TABLE_SCHEM LIKE 'INFORMATION_SCHEMA' AND TABLE_NAME = 'SCHEMATA' 
2015-01-28 12:02:00.322 2 SELECT * FROM INFORMATION_SCHEMA.SYSTEM_INDEXINFO WHERE TRUE AND TABLE_SCHEM = 'INFORMATION_SCHEMA' AND TABLE_NAME = 'SCHEMATA' 
2015-01-28 12:02:00.324 2 SELECT * FROM INFORMATION_SCHEMA.SYSTEM_COLUMNS WHERE TRUE AND TABLE_SCHEM LIKE 'INFORMATION_SCHEMA' AND TABLE_NAME = 'SEQUENCES' 
2015-01-28 12:02:00.328 2 SELECT * FROM INFORMATION_SCHEMA.SYSTEM_INDEXINFO WHERE TRUE AND TABLE_SCHEM = 'INFORMATION_SCHEMA' AND TABLE_NAME = 'SEQUENCES' 
2015-01-28 12:02:00.330 2 SELECT * FROM INFORMATION_SCHEMA.SYSTEM_COLUMNS WHERE TRUE AND TABLE_SCHEM LIKE 'INFORMATION_SCHEMA' AND TABLE_NAME LIKE 'SQL_FEATURES' 
2015-01-28 12:02:00.333 2 SELECT * FROM INFORMATION_SCHEMA.SYSTEM_INDEXINFO WHERE TRUE AND TABLE_SCHEM = 'INFORMATION_SCHEMA' AND TABLE_NAME = 'SQL_FEATURES' 
2015-01-28 12:02:00.335 2 SELECT * FROM INFORMATION_SCHEMA.SYSTEM_COLUMNS WHERE TRUE AND TABLE_SCHEM LIKE 'INFORMATION_SCHEMA' AND TABLE_NAME LIKE 'SQL_IMPLEMENTATION_INFO' 
2015-01-28 12:02:00.339 2 SELECT * FROM INFORMATION_SCHEMA.SYSTEM_INDEXINFO WHERE TRUE AND TABLE_SCHEM = 'INFORMATION_SCHEMA' AND TABLE_NAME = 'SQL_IMPLEMENTATION_INFO' 
2015-01-28 12:02:00.340 2 SELECT * FROM INFORMATION_SCHEMA.SYSTEM_COLUMNS WHERE TRUE AND TABLE_SCHEM LIKE 'INFORMATION_SCHEMA' AND TABLE_NAME LIKE 'SQL_PACKAGES' 
2015-01-28 12:02:00.344 2 SELECT * FROM INFORMATION_SCHEMA.SYSTEM_INDEXINFO WHERE TRUE AND TABLE_SCHEM = 'INFORMATION_SCHEMA' AND TABLE_NAME = 'SQL_PACKAGES' 
2015-01-28 12:02:00.346 2 SELECT * FROM INFORMATION_SCHEMA.SYSTEM_COLUMNS WHERE TRUE AND TABLE_SCHEM LIKE 'INFORMATION_SCHEMA' AND TABLE_NAME LIKE 'SQL_PARTS' 
2015-01-28 12:02:00.350 2 SELECT * FROM INFORMATION_SCHEMA.SYSTEM_INDEXINFO WHERE TRUE AND TABLE_SCHEM = 'INFORMATION_SCHEMA' AND TABLE_NAME = 'SQL_PARTS' 
2015-01-28 12:02:00.351 2 SELECT * FROM INFORMATION_SCHEMA.SYSTEM_COLUMNS WHERE TRUE AND TABLE_SCHEM LIKE 'INFORMATION_SCHEMA' AND TABLE_NAME LIKE 'SQL_SIZING' 
2015-01-28 12:02:00.354 2 SELECT * FROM INFORMATION_SCHEMA.SYSTEM_INDEXINFO WHERE TRUE AND TABLE_SCHEM = 'INFORMATION_SCHEMA' AND TABLE_NAME = 'SQL_SIZING' 
2015-01-28 12:02:00.356 2 SELECT * FROM INFORMATION_SCHEMA.SYSTEM_COLUMNS WHERE TRUE AND TABLE_SCHEM LIKE 'INFORMATION_SCHEMA' AND TABLE_NAME LIKE 'SQL_SIZING_PROFILES' 
2015-01-28 12:02:00.360 2 SELECT * FROM INFORMATION_SCHEMA.SYSTEM_INDEXINFO WHERE TRUE AND TABLE_SCHEM = 'INFORMATION_SCHEMA' AND TABLE_NAME = 'SQL_SIZING_PROFILES' 
2015-01-28 12:02:00.362 2 SELECT * FROM INFORMATION_SCHEMA.SYSTEM_COLUMNS WHERE TRUE AND TABLE_SCHEM LIKE 'INFORMATION_SCHEMA' AND TABLE_NAME LIKE 'SYSTEM_BESTROWIDENTIFIER' 
2015-01-28 12:02:00.366 2 SELECT * FROM INFORMATION_SCHEMA.SYSTEM_INDEXINFO WHERE TRUE AND TABLE_SCHEM = 'INFORMATION_SCHEMA' AND TABLE_NAME = 'SYSTEM_BESTROWIDENTIFIER' 
2015-01-28 12:02:00.368 2 SELECT * FROM INFORMATION_SCHEMA.SYSTEM_COLUMNS WHERE TRUE AND TABLE_SCHEM LIKE 'INFORMATION_SCHEMA' AND TABLE_NAME LIKE 'SYSTEM_CACHEINFO' 
2015-01-28 12:02:00.371 2 SELECT * FROM INFORMATION_SCHEMA.SYSTEM_INDEXINFO WHERE TRUE AND TABLE_SCHEM = 'INFORMATION_SCHEMA' AND TABLE_NAME = 'SYSTEM_CACHEINFO' 
2015-01-28 12:02:00.372 2 SELECT * FROM INFORMATION_SCHEMA.SYSTEM_COLUMNS WHERE TRUE AND TABLE_SCHEM LIKE 'INFORMATION_SCHEMA' AND TABLE_NAME LIKE 'SYSTEM_COLUMNS' 
2015-01-28 12:02:00.377 2 SELECT * FROM INFORMATION_SCHEMA.SYSTEM_INDEXINFO WHERE TRUE AND TABLE_SCHEM = 'INFORMATION_SCHEMA' AND TABLE_NAME = 'SYSTEM_COLUMNS' 
2015-01-28 12:02:00.378 2 SELECT * FROM INFORMATION_SCHEMA.SYSTEM_COLUMNS WHERE TRUE AND TABLE_SCHEM LIKE 'INFORMATION_SCHEMA' AND TABLE_NAME LIKE 'SYSTEM_COLUMN_SEQUENCE_USAGE' 
2015-01-28 12:02:00.381 2 SELECT * FROM INFORMATION_SCHEMA.SYSTEM_INDEXINFO WHERE TRUE AND TABLE_SCHEM = 'INFORMATION_SCHEMA' AND TABLE_NAME = 'SYSTEM_COLUMN_SEQUENCE_USAGE' 
2015-01-28 12:02:00.383 2 SELECT * FROM INFORMATION_SCHEMA.SYSTEM_COLUMNS WHERE TRUE AND TABLE_SCHEM LIKE 'INFORMATION_SCHEMA' AND TABLE_NAME LIKE 'SYSTEM_COMMENTS' 
2015-01-28 12:02:00.386 2 SELECT * FROM INFORMATION_SCHEMA.SYSTEM_INDEXINFO WHERE TRUE AND TABLE_SCHEM = 'INFORMATION_SCHEMA' AND TABLE_NAME = 'SYSTEM_COMMENTS' 
2015-01-28 12:02:00.387 2 SELECT * FROM INFORMATION_SCHEMA.SYSTEM_COLUMNS WHERE TRUE AND TABLE_SCHEM LIKE 'INFORMATION_SCHEMA' AND TABLE_NAME LIKE 'SYSTEM_CONNECTION_PROPERTIES' 
2015-01-28 12:02:00.390 2 SELECT * FROM INFORMATION_SCHEMA.SYSTEM_INDEXINFO WHERE TRUE AND TABLE_SCHEM = 'INFORMATION_SCHEMA' AND TABLE_NAME = 'SYSTEM_CONNECTION_PROPERTIES' 
2015-01-28 12:02:00.391 2 SELECT * FROM INFORMATION_SCHEMA.SYSTEM_COLUMNS WHERE TRUE AND TABLE_SCHEM LIKE 'INFORMATION_SCHEMA' AND TABLE_NAME LIKE 'SYSTEM_CROSSREFERENCE' 
2015-01-28 12:02:00.395 2 SELECT * FROM INFORMATION_SCHEMA.SYSTEM_INDEXINFO WHERE TRUE AND TABLE_SCHEM = 'INFORMATION_SCHEMA' AND TABLE_NAME = 'SYSTEM_CROSSREFERENCE' 
2015-01-28 12:02:00.396 2 SELECT * FROM INFORMATION_SCHEMA.SYSTEM_COLUMNS WHERE TRUE AND TABLE_SCHEM LIKE 'INFORMATION_SCHEMA' AND TABLE_NAME LIKE 'SYSTEM_INDEXINFO' 
2015-01-28 12:02:00.400 2 SELECT * FROM INFORMATION_SCHEMA.SYSTEM_INDEXINFO WHERE TRUE AND TABLE_SCHEM = 'INFORMATION_SCHEMA' AND TABLE_NAME = 'SYSTEM_INDEXINFO' 
2015-01-28 12:02:00.401 2 SELECT * FROM INFORMATION_SCHEMA.SYSTEM_COLUMNS WHERE TRUE AND TABLE_SCHEM LIKE 'INFORMATION_SCHEMA' AND TABLE_NAME LIKE 'SYSTEM_PRIMARYKEYS' 
2015-01-28 12:02:00.405 2 SELECT * FROM INFORMATION_SCHEMA.SYSTEM_INDEXINFO WHERE TRUE AND TABLE_SCHEM = 'INFORMATION_SCHEMA' AND TABLE_NAME = 'SYSTEM_PRIMARYKEYS' 
2015-01-28 12:02:00.406 2 SELECT * FROM INFORMATION_SCHEMA.SYSTEM_COLUMNS WHERE TRUE AND TABLE_SCHEM LIKE 'INFORMATION_SCHEMA' AND TABLE_NAME LIKE 'SYSTEM_PROCEDURECOLUMNS' 
2015-01-28 12:02:00.411 2 SELECT * FROM INFORMATION_SCHEMA.SYSTEM_INDEXINFO WHERE TRUE AND TABLE_SCHEM = 'INFORMATION_SCHEMA' AND TABLE_NAME = 'SYSTEM_PROCEDURECOLUMNS' 
2015-01-28 12:02:00.418 2 SELECT * FROM INFORMATION_SCHEMA.SYSTEM_COLUMNS WHERE TRUE AND TABLE_SCHEM LIKE 'INFORMATION_SCHEMA' AND TABLE_NAME LIKE 'SYSTEM_PROCEDURES' 
2015-01-28 12:02:00.425 2 SELECT * FROM INFORMATION_SCHEMA.SYSTEM_INDEXINFO WHERE TRUE AND TABLE_SCHEM = 'INFORMATION_SCHEMA' AND TABLE_NAME = 'SYSTEM_PROCEDURES' 
2015-01-28 12:02:00.427 2 SELECT * FROM INFORMATION_SCHEMA.SYSTEM_COLUMNS WHERE TRUE AND TABLE_SCHEM LIKE 'INFORMATION_SCHEMA' AND TABLE_NAME LIKE 'SYSTEM_PROPERTIES' 
2015-01-28 12:02:00.430 2 SELECT * FROM INFORMATION_SCHEMA.SYSTEM_INDEXINFO WHERE TRUE AND TABLE_SCHEM = 'INFORMATION_SCHEMA' AND TABLE_NAME = 'SYSTEM_PROPERTIES' 
2015-01-28 12:02:00.432 2 SELECT * FROM INFORMATION_SCHEMA.SYSTEM_COLUMNS WHERE TRUE AND TABLE_SCHEM LIKE 'INFORMATION_SCHEMA' AND TABLE_NAME LIKE 'SYSTEM_SCHEMAS' 
2015-01-28 12:02:00.434 2 SELECT * FROM INFORMATION_SCHEMA.SYSTEM_INDEXINFO WHERE TRUE AND TABLE_SCHEM = 'INFORMATION_SCHEMA' AND TABLE_NAME = 'SYSTEM_SCHEMAS' 
2015-01-28 12:02:00.436 2 SELECT * FROM INFORMATION_SCHEMA.SYSTEM_COLUMNS WHERE TRUE AND TABLE_SCHEM LIKE 'INFORMATION_SCHEMA' AND TABLE_NAME LIKE 'SYSTEM_SEQUENCES' 
2015-01-28 12:02:00.441 2 SELECT * FROM INFORMATION_SCHEMA.SYSTEM_INDEXINFO WHERE TRUE AND TABLE_SCHEM = 'INFORMATION_SCHEMA' AND TABLE_NAME = 'SYSTEM_SEQUENCES' 
2015-01-28 12:02:00.442 2 SELECT * FROM INFORMATION_SCHEMA.SYSTEM_COLUMNS WHERE TRUE AND TABLE_SCHEM LIKE 'INFORMATION_SCHEMA' AND TABLE_NAME LIKE 'SYSTEM_SESSIONINFO' 
2015-01-28 12:02:00.446 2 SELECT * FROM INFORMATION_SCHEMA.SYSTEM_INDEXINFO WHERE TRUE AND TABLE_SCHEM = 'INFORMATION_SCHEMA' AND TABLE_NAME = 'SYSTEM_SESSIONINFO' 
2015-01-28 12:02:00.448 2 SELECT * FROM INFORMATION_SCHEMA.SYSTEM_COLUMNS WHERE TRUE AND TABLE_SCHEM LIKE 'INFORMATION_SCHEMA' AND TABLE_NAME LIKE 'SYSTEM_SESSIONS' 
2015-01-28 12:02:00.454 2 SELECT * FROM INFORMATION_SCHEMA.SYSTEM_INDEXINFO WHERE TRUE AND TABLE_SCHEM = 'INFORMATION_SCHEMA' AND TABLE_NAME = 'SYSTEM_SESSIONS' 
2015-01-28 12:02:00.456 2 SELECT * FROM INFORMATION_SCHEMA.SYSTEM_COLUMNS WHERE TRUE AND TABLE_SCHEM LIKE 'INFORMATION_SCHEMA' AND TABLE_NAME LIKE 'SYSTEM_TABLES' 
2015-01-28 12:02:00.461 2 SELECT * FROM INFORMATION_SCHEMA.SYSTEM_INDEXINFO WHERE TRUE AND TABLE_SCHEM = 'INFORMATION_SCHEMA' AND TABLE_NAME = 'SYSTEM_TABLES' 
2015-01-28 12:02:00.463 2 SELECT * FROM INFORMATION_SCHEMA.SYSTEM_COLUMNS WHERE TRUE AND TABLE_SCHEM LIKE 'INFORMATION_SCHEMA' AND TABLE_NAME LIKE 'SYSTEM_TABLESTATS' 
2015-01-28 12:02:00.466 2 SELECT * FROM INFORMATION_SCHEMA.SYSTEM_INDEXINFO WHERE TRUE AND TABLE_SCHEM = 'INFORMATION_SCHEMA' AND TABLE_NAME = 'SYSTEM_TABLESTATS' 
2015-01-28 12:02:00.467 2 SELECT * FROM INFORMATION_SCHEMA.SYSTEM_COLUMNS WHERE TRUE AND TABLE_SCHEM LIKE 'INFORMATION_SCHEMA' AND TABLE_NAME LIKE 'SYSTEM_TABLETYPES' 
2015-01-28 12:02:00.471 2 SELECT * FROM INFORMATION_SCHEMA.SYSTEM_INDEXINFO WHERE TRUE AND TABLE_SCHEM = 'INFORMATION_SCHEMA' AND TABLE_NAME = 'SYSTEM_TABLETYPES' 
2015-01-28 12:02:00.473 2 SELECT * FROM INFORMATION_SCHEMA.SYSTEM_COLUMNS WHERE TRUE AND TABLE_SCHEM LIKE 'INFORMATION_SCHEMA' AND TABLE_NAME LIKE 'SYSTEM_TEXTTABLES' 
2015-01-28 12:02:00.476 2 SELECT * FROM INFORMATION_SCHEMA.SYSTEM_INDEXINFO WHERE TRUE AND TABLE_SCHEM = 'INFORMATION_SCHEMA' AND TABLE_NAME = 'SYSTEM_TEXTTABLES' 
2015-01-28 12:02:00.478 2 SELECT * FROM INFORMATION_SCHEMA.SYSTEM_COLUMNS WHERE TRUE AND TABLE_SCHEM LIKE 'INFORMATION_SCHEMA' AND TABLE_NAME LIKE 'SYSTEM_TYPEINFO' 
2015-01-28 12:02:00.481 2 SELECT * FROM INFORMATION_SCHEMA.SYSTEM_INDEXINFO WHERE TRUE AND TABLE_SCHEM = 'INFORMATION_SCHEMA' AND TABLE_NAME = 'SYSTEM_TYPEINFO' 
2015-01-28 12:02:00.482 2 SELECT * FROM INFORMATION_SCHEMA.SYSTEM_COLUMNS WHERE TRUE AND TABLE_SCHEM LIKE 'INFORMATION_SCHEMA' AND TABLE_NAME LIKE 'SYSTEM_UDTS' 
2015-01-28 12:02:00.486 2 SELECT * FROM INFORMATION_SCHEMA.SYSTEM_INDEXINFO WHERE TRUE AND TABLE_SCHEM = 'INFORMATION_SCHEMA' AND TABLE_NAME = 'SYSTEM_UDTS' 
2015-01-28 12:02:00.487 2 SELECT * FROM INFORMATION_SCHEMA.SYSTEM_COLUMNS WHERE TRUE AND TABLE_SCHEM LIKE 'INFORMATION_SCHEMA' AND TABLE_NAME LIKE 'SYSTEM_USERS' 
2015-01-28 12:02:00.491 2 SELECT * FROM INFORMATION_SCHEMA.SYSTEM_INDEXINFO WHERE TRUE AND TABLE_SCHEM = 'INFORMATION_SCHEMA' AND TABLE_NAME = 'SYSTEM_USERS' 
2015-01-28 12:02:00.492 2 SELECT * FROM INFORMATION_SCHEMA.SYSTEM_COLUMNS WHERE TRUE AND TABLE_SCHEM LIKE 'INFORMATION_SCHEMA' AND TABLE_NAME LIKE 'SYSTEM_VERSIONCOLUMNS' 
2015-01-28 12:02:00.497 2 SELECT * FROM INFORMATION_SCHEMA.SYSTEM_INDEXINFO WHERE TRUE AND TABLE_SCHEM = 'INFORMATION_SCHEMA' AND TABLE_NAME = 'SYSTEM_VERSIONCOLUMNS' 
2015-01-28 12:02:00.498 2 SELECT * FROM INFORMATION_SCHEMA.SYSTEM_COLUMNS WHERE TRUE AND TABLE_SCHEM LIKE 'INFORMATION_SCHEMA' AND TABLE_NAME = 'TABLES' 
2015-01-28 12:02:00.500 2 SELECT * FROM INFORMATION_SCHEMA.SYSTEM_INDEXINFO WHERE TRUE AND TABLE_SCHEM = 'INFORMATION_SCHEMA' AND TABLE_NAME = 'TABLES' 
2015-01-28 12:02:00.501 2 SELECT * FROM INFORMATION_SCHEMA.SYSTEM_COLUMNS WHERE TRUE AND TABLE_SCHEM LIKE 'INFORMATION_SCHEMA' AND TABLE_NAME LIKE 'TABLE_CONSTRAINTS' 
2015-01-28 12:02:00.504 2 SELECT * FROM INFORMATION_SCHEMA.SYSTEM_INDEXINFO WHERE TRUE AND TABLE_SCHEM = 'INFORMATION_SCHEMA' AND TABLE_NAME = 'TABLE_CONSTRAINTS' 
2015-01-28 12:02:00.505 2 SELECT * FROM INFORMATION_SCHEMA.SYSTEM_COLUMNS WHERE TRUE AND TABLE_SCHEM LIKE 'INFORMATION_SCHEMA' AND TABLE_NAME LIKE 'TABLE_PRIVILEGES' 
2015-01-28 12:02:00.508 2 SELECT * FROM INFORMATION_SCHEMA.SYSTEM_INDEXINFO WHERE TRUE AND TABLE_SCHEM = 'INFORMATION_SCHEMA' AND TABLE_NAME = 'TABLE_PRIVILEGES' 
2015-01-28 12:02:00.509 2 SELECT * FROM INFORMATION_SCHEMA.SYSTEM_COLUMNS WHERE TRUE AND TABLE_SCHEM LIKE 'INFORMATION_SCHEMA' AND TABLE_NAME = 'TRANSLATIONS' 
2015-01-28 12:02:00.511 2 SELECT * FROM INFORMATION_SCHEMA.SYSTEM_INDEXINFO WHERE TRUE AND TABLE_SCHEM = 'INFORMATION_SCHEMA' AND TABLE_NAME = 'TRANSLATIONS' 
2015-01-28 12:02:00.512 2 SELECT * FROM INFORMATION_SCHEMA.SYSTEM_COLUMNS WHERE TRUE AND TABLE_SCHEM LIKE 'INFORMATION_SCHEMA' AND TABLE_NAME LIKE 'TRIGGERED_UPDATE_COLUMNS' 
2015-01-28 12:02:00.514 2 SELECT * FROM INFORMATION_SCHEMA.SYSTEM_INDEXINFO WHERE TRUE AND TABLE_SCHEM = 'INFORMATION_SCHEMA' AND TABLE_NAME = 'TRIGGERED_UPDATE_COLUMNS' 
2015-01-28 12:02:00.515 2 SELECT * FROM INFORMATION_SCHEMA.SYSTEM_COLUMNS WHERE TRUE AND TABLE_SCHEM LIKE 'INFORMATION_SCHEMA' AND TABLE_NAME = 'TRIGGERS' 
2015-01-28 12:02:00.517 2 SELECT * FROM INFORMATION_SCHEMA.SYSTEM_INDEXINFO WHERE TRUE AND TABLE_SCHEM = 'INFORMATION_SCHEMA' AND TABLE_NAME = 'TRIGGERS' 
2015-01-28 12:02:00.518 2 SELECT * FROM INFORMATION_SCHEMA.SYSTEM_COLUMNS WHERE TRUE AND TABLE_SCHEM LIKE 'INFORMATION_SCHEMA' AND TABLE_NAME LIKE 'TRIGGER_COLUMN_USAGE' 
2015-01-28 12:02:00.521 2 SELECT * FROM INFORMATION_SCHEMA.SYSTEM_INDEXINFO WHERE TRUE AND TABLE_SCHEM = 'INFORMATION_SCHEMA' AND TABLE_NAME = 'TRIGGER_COLUMN_USAGE' 
2015-01-28 12:02:00.523 2 SELECT * FROM INFORMATION_SCHEMA.SYSTEM_COLUMNS WHERE TRUE AND TABLE_SCHEM LIKE 'INFORMATION_SCHEMA' AND TABLE_NAME LIKE 'TRIGGER_ROUTINE_USAGE' 
2015-01-28 12:02:00.525 2 SELECT * FROM INFORMATION_SCHEMA.SYSTEM_INDEXINFO WHERE TRUE AND TABLE_SCHEM = 'INFORMATION_SCHEMA' AND TABLE_NAME = 'TRIGGER_ROUTINE_USAGE' 
2015-01-28 12:02:00.526 2 SELECT * FROM INFORMATION_SCHEMA.SYSTEM_COLUMNS WHERE TRUE AND TABLE_SCHEM LIKE 'INFORMATION_SCHEMA' AND TABLE_NAME LIKE 'TRIGGER_SEQUENCE_USAGE' 
2015-01-28 12:02:00.529 2 SELECT * FROM INFORMATION_SCHEMA.SYSTEM_INDEXINFO WHERE TRUE AND TABLE_SCHEM = 'INFORMATION_SCHEMA' AND TABLE_NAME = 'TRIGGER_SEQUENCE_USAGE' 
2015-01-28 12:02:00.530 2 SELECT * FROM INFORMATION_SCHEMA.SYSTEM_COLUMNS WHERE TRUE AND TABLE_SCHEM LIKE 'INFORMATION_SCHEMA' AND TABLE_NAME LIKE 'TRIGGER_TABLE_USAGE' 
2015-01-28 12:02:00.532 2 SELECT * FROM INFORMATION_SCHEMA.SYSTEM_INDEXINFO WHERE TRUE AND TABLE_SCHEM = 'INFORMATION_SCHEMA' AND TABLE_NAME = 'TRIGGER_TABLE_USAGE' 
2015-01-28 12:02:00.533 2 SELECT * FROM INFORMATION_SCHEMA.SYSTEM_COLUMNS WHERE TRUE AND TABLE_SCHEM LIKE 'INFORMATION_SCHEMA' AND TABLE_NAME LIKE 'UDT_PRIVILEGES' 
2015-01-28 12:02:00.535 2 SELECT * FROM INFORMATION_SCHEMA.SYSTEM_INDEXINFO WHERE TRUE AND TABLE_SCHEM = 'INFORMATION_SCHEMA' AND TABLE_NAME = 'UDT_PRIVILEGES' 
2015-01-28 12:02:00.536 2 SELECT * FROM INFORMATION_SCHEMA.SYSTEM_COLUMNS WHERE TRUE AND TABLE_SCHEM LIKE 'INFORMATION_SCHEMA' AND TABLE_NAME LIKE 'USAGE_PRIVILEGES' 
2015-01-28 12:02:00.539 2 SELECT * FROM INFORMATION_SCHEMA.SYSTEM_INDEXINFO WHERE TRUE AND TABLE_SCHEM = 'INFORMATION_SCHEMA' AND TABLE_NAME = 'USAGE_PRIVILEGES' 
2015-01-28 12:02:00.540 2 SELECT * FROM INFORMATION_SCHEMA.SYSTEM_COLUMNS WHERE TRUE AND TABLE_SCHEM LIKE 'INFORMATION_SCHEMA' AND TABLE_NAME LIKE 'USER_DEFINED_TYPES' 
2015-01-28 12:02:00.543 2 SELECT * FROM INFORMATION_SCHEMA.SYSTEM_INDEXINFO WHERE TRUE AND TABLE_SCHEM = 'INFORMATION_SCHEMA' AND TABLE_NAME = 'USER_DEFINED_TYPES' 
2015-01-28 12:02:00.544 2 SELECT * FROM INFORMATION_SCHEMA.SYSTEM_COLUMNS WHERE TRUE AND TABLE_SCHEM LIKE 'INFORMATION_SCHEMA' AND TABLE_NAME = 'VIEWS' 
2015-01-28 12:02:00.546 2 SELECT * FROM INFORMATION_SCHEMA.SYSTEM_INDEXINFO WHERE TRUE AND TABLE_SCHEM = 'INFORMATION_SCHEMA' AND TABLE_NAME = 'VIEWS' 
2015-01-28 12:02:00.547 2 SELECT * FROM INFORMATION_SCHEMA.SYSTEM_COLUMNS WHERE TRUE AND TABLE_SCHEM LIKE 'INFORMATION_SCHEMA' AND TABLE_NAME LIKE 'VIEW_COLUMN_USAGE' 
2015-01-28 12:02:00.550 2 SELECT * FROM INFORMATION_SCHEMA.SYSTEM_INDEXINFO WHERE TRUE AND TABLE_SCHEM = 'INFORMATION_SCHEMA' AND TABLE_NAME = 'VIEW_COLUMN_USAGE' 
2015-01-28 12:02:00.552 2 SELECT * FROM INFORMATION_SCHEMA.SYSTEM_COLUMNS WHERE TRUE AND TABLE_SCHEM LIKE 'INFORMATION_SCHEMA' AND TABLE_NAME LIKE 'VIEW_ROUTINE_USAGE' 
2015-01-28 12:02:00.555 2 SELECT * FROM INFORMATION_SCHEMA.SYSTEM_INDEXINFO WHERE TRUE AND TABLE_SCHEM = 'INFORMATION_SCHEMA' AND TABLE_NAME = 'VIEW_ROUTINE_USAGE' 
2015-01-28 12:02:00.556 2 SELECT * FROM INFORMATION_SCHEMA.SYSTEM_COLUMNS WHERE TRUE AND TABLE_SCHEM LIKE 'INFORMATION_SCHEMA' AND TABLE_NAME LIKE 'VIEW_TABLE_USAGE' 
2015-01-28 12:02:00.559 2 SELECT * FROM INFORMATION_SCHEMA.SYSTEM_INDEXINFO WHERE TRUE AND TABLE_SCHEM = 'INFORMATION_SCHEMA' AND TABLE_NAME = 'VIEW_TABLE_USAGE' 
2015-01-28 12:02:00.560 2 SELECT * FROM INFORMATION_SCHEMA.SYSTEM_COLUMNS WHERE TRUE AND TABLE_SCHEM LIKE 'SYSTEM_LOBS' AND TABLE_NAME = 'BLOCKS' 
2015-01-28 12:02:00.561 2 SELECT * FROM INFORMATION_SCHEMA.SYSTEM_INDEXINFO WHERE TRUE AND TABLE_SCHEM = 'SYSTEM_LOBS' AND TABLE_NAME = 'BLOCKS' 
2015-01-28 12:02:00.562 2 SELECT * FROM INFORMATION_SCHEMA.SYSTEM_COLUMNS WHERE TRUE AND TABLE_SCHEM LIKE 'SYSTEM_LOBS' AND TABLE_NAME = 'LOBS' 
2015-01-28 12:02:00.564 2 SELECT * FROM INFORMATION_SCHEMA.SYSTEM_INDEXINFO WHERE TRUE AND TABLE_SCHEM = 'SYSTEM_LOBS' AND TABLE_NAME = 'LOBS' 
2015-01-28 12:02:00.565 2 SELECT * FROM INFORMATION_SCHEMA.SYSTEM_COLUMNS WHERE TRUE AND TABLE_SCHEM LIKE 'SYSTEM_LOBS' AND TABLE_NAME LIKE 'LOB_IDS' 
2015-01-28 12:02:00.566 2 SELECT * FROM INFORMATION_SCHEMA.SYSTEM_INDEXINFO WHERE TRUE AND TABLE_SCHEM = 'SYSTEM_LOBS' AND TABLE_NAME = 'LOB_IDS' 
2015-01-28 12:02:00.567 2 SELECT * FROM INFORMATION_SCHEMA.SYSTEM_COLUMNS WHERE TRUE AND TABLE_SCHEM LIKE 'SYSTEM_LOBS' AND TABLE_NAME = 'PARTS' 
2015-01-28 12:02:00.568 2 SELECT * FROM INFORMATION_SCHEMA.SYSTEM_INDEXINFO WHERE TRUE AND TABLE_SCHEM = 'SYSTEM_LOBS' AND TABLE_NAME = 'PARTS' 
2015-01-28 12:02:00.569 2 CALL USER() 
2015-01-28 12:02:00.569 2 COMMIT 
2015-01-28 12:02:00.570 2 call database_version() 
2015-01-28 12:02:00.570 2 COMMIT 
2015-01-28 12:02:00.578 2 SELECT * FROM INFORMATION_SCHEMA.SYSTEM_SCHEMAS 
2015-01-28 12:13:10.916 3 CALL USER() 
2015-01-28 12:13:10.917 3 COMMIT 
2015-01-28 12:13:10.975 3 SELECT * FROM INFORMATION_SCHEMA.SYSTEM_TABLES WHERE TRUE AND TABLE_TYPE IN ('TABLE','GLOBAL TEMPORARY','VIEW') 
2015-01-28 12:13:10.995 3 CALL USER() 
2015-01-28 12:13:10.995 3 COMMIT 
2015-01-28 12:13:10.997 3 call database_version() 
2015-01-28 12:13:10.997 3 COMMIT 
2015-01-28 12:13:11.000 3 SELECT * FROM INFORMATION_SCHEMA.SYSTEM_SCHEMAS 
2015-01-28 12:49:39.294 2 CALL USER() 
2015-01-28 12:49:39.294 2 COMMIT 
2015-01-28 12:49:39.459 2 SELECT * FROM INFORMATION_SCHEMA.SYSTEM_TABLES WHERE TRUE AND TABLE_TYPE IN ('TABLE','GLOBAL TEMPORARY','VIEW') 
2015-01-28 12:49:39.562 2 CALL USER() 
2015-01-28 12:49:39.563 2 COMMIT 
2015-01-28 12:49:39.565 2 call database_version() 
2015-01-28 12:49:39.565 2 COMMIT 
2015-01-28 12:49:39.567 2 SELECT * FROM INFORMATION_SCHEMA.SYSTEM_SCHEMAS 
2015-01-28 16:11:49.540 2 SELECT * FROM INFORMATION_SCHEMA.SYSTEM_TYPEINFO 
2015-01-28 16:11:51.357 2 SELECT * FROM INFORMATION_SCHEMA.SYSTEM_TABLES WHERE TRUE AND TABLE_NAME = 'PROBABLYNOT' AND TABLE_TYPE IN ('TABLE') 
2015-01-28 16:11:51.563 6 ROLLBACK 
2015-01-28 16:11:51.564 5 ROLLBACK 
2015-01-28 16:11:51.565 2 ROLLBACK 
2015-01-28 16:11:51.568 4 ROLLBACK 
2015-01-28 16:11:51.568 3 ROLLBACK 
2015-01-28 16:13:39.551 7 CALL USER() 
2015-01-28 16:13:39.579 7 COMMIT 
2015-01-28 16:13:39.633 7 SELECT * FROM INFORMATION_SCHEMA.SYSTEM_TABLES WHERE TRUE AND TABLE_TYPE IN ('TABLE','GLOBAL TEMPORARY','VIEW') 
2015-01-28 16:13:39.661 7 CALL USER() 
2015-01-28 16:13:39.678 7 COMMIT 
2015-01-28 16:13:39.681 7 call database_version() 
2015-01-28 16:13:39.681 7 COMMIT 
2015-01-28 16:13:39.705 7 SELECT * FROM INFORMATION_SCHEMA.SYSTEM_SCHEMAS 
2015-01-28 16:14:12.052 7 
CREATE SCHEMA skidummy;
 
2015-01-28 16:14:12.106 7 COMMIT 
2015-01-28 16:14:12.108 7 CREATE TABLE skidummy.eventinfo (
	id IDENTITY,
	first  VARCHAR(254) NOT NULL,
	last   VARCHAR(254),
	cell   VARCHAR(30),
	email  VARCHAR(254),
	skiday DATE,
	resort VARCHAR(254),
	pref   VARCHAR(254),
	skill  VARCHAR(254)
) 
2015-01-28 16:14:12.109 7 COMMIT 
2015-01-28 16:14:12.109 7 CREATE SCHEMA skiprod;
 
2015-01-28 16:14:12.109 7 COMMIT 
2015-01-28 16:14:12.110 7 CREATE TABLE skiprod.eventinfo (
	id IDENTITY,
	first  VARCHAR(254) NOT NULL,
	last   VARCHAR(254),
	cell   VARCHAR(30),
	email  VARCHAR(254),
	skiday DATE,
	resort VARCHAR(254),
	pref   VARCHAR(254),
	skill  VARCHAR(254)
) 
2015-01-28 16:14:12.111 7 COMMIT 
2015-01-28 16:14:12.115 7 SELECT * FROM INFORMATION_SCHEMA.SYSTEM_TABLES WHERE TRUE AND TABLE_TYPE IN ('TABLE','GLOBAL TEMPORARY','VIEW') 
2015-01-28 16:14:12.123 7 SELECT * FROM INFORMATION_SCHEMA.SYSTEM_COLUMNS WHERE TRUE AND TABLE_SCHEM = 'SKIDUMMY' AND TABLE_NAME = 'EVENTINFO' 
2015-01-28 16:14:12.195 7 SELECT * FROM INFORMATION_SCHEMA.SYSTEM_INDEXINFO WHERE TRUE AND TABLE_SCHEM = 'SKIDUMMY' AND TABLE_NAME = 'EVENTINFO' 
2015-01-28 16:14:12.198 7 SELECT * FROM INFORMATION_SCHEMA.SYSTEM_COLUMNS WHERE TRUE AND TABLE_SCHEM = 'SKIPROD' AND TABLE_NAME = 'EVENTINFO' 
2015-01-28 16:14:12.201 7 SELECT * FROM INFORMATION_SCHEMA.SYSTEM_INDEXINFO WHERE TRUE AND TABLE_SCHEM = 'SKIPROD' AND TABLE_NAME = 'EVENTINFO' 
2015-01-28 16:14:12.203 7 CALL USER() 
2015-01-28 16:14:12.204 7 COMMIT 
2015-01-28 16:14:12.206 7 call database_version() 
2015-01-28 16:14:12.206 7 COMMIT 
2015-01-28 16:14:12.208 7 SELECT * FROM INFORMATION_SCHEMA.SYSTEM_SCHEMAS 
2015-01-28 16:15:19.810 7 ROLLBACK 
2015-01-28 16:15:34.707 9 SELECT * FROM INFORMATION_SCHEMA.SYSTEM_TYPEINFO 
2015-01-28 16:15:35.355 12 delete from skidummy.eventinfo 
2015-01-28 16:15:35.355 12 COMMIT 
2015-01-28 16:15:35.481 12 insert into skidummy.eventinfo (id, email, first, last, cell, pref, resort, skiday, skill) values (default, ?, ?, ?, ?, ?, ?, ?, ?) ('','Will','','','','',NULL,'')
2015-01-28 16:15:35.481 12 COMMIT 
2015-01-28 16:15:35.514 12 SELECT TOP 1 current_timestamp FROM INFORMATION_SCHEMA.SYSTEM_TABLES 
2015-01-28 16:15:35.614 11 ROLLBACK 
2015-01-28 16:15:35.614 10 ROLLBACK 
2015-01-28 16:15:35.615 9 ROLLBACK 
2015-01-28 16:15:35.615 8 ROLLBACK 
2015-01-28 16:15:35.615 12 ROLLBACK 
2015-01-28 16:17:28.081 15 SELECT * FROM INFORMATION_SCHEMA.SYSTEM_TYPEINFO 
2015-01-28 16:17:28.639 17 delete from skidummy.eventinfo 
2015-01-28 16:17:28.639 17 COMMIT 
2015-01-28 16:17:28.704 17 insert into skidummy.eventinfo (id, email, first, last, cell, pref, resort, skiday, skill) values (default, ?, ?, ?, ?, ?, ?, ?, ?) ('','Will','','','','',NULL,'')
2015-01-28 16:17:28.705 17 COMMIT 
2015-01-28 16:17:28.716 17 SELECT TOP 1 current_timestamp FROM INFORMATION_SCHEMA.SYSTEM_TABLES 
2015-01-28 16:17:28.789 17 ROLLBACK 
2015-01-28 16:17:28.789 13 ROLLBACK 
2015-01-28 16:17:28.790 14 ROLLBACK 
2015-01-28 16:17:28.790 16 ROLLBACK 
2015-01-28 16:17:28.791 15 ROLLBACK 
2015-01-28 16:19:34.425 18 SELECT * FROM INFORMATION_SCHEMA.SYSTEM_TYPEINFO 
2015-01-28 16:19:34.969 22 delete from skidummy.eventinfo 
2015-01-28 16:19:34.969 22 COMMIT 
2015-01-28 16:19:35.027 22 insert into skidummy.eventinfo (id, email, first, last, cell, pref, resort, skiday, skill) values (default, ?, ?, ?, ?, ?, ?, ?, ?) ('','Will','','','','',NULL,'')
2015-01-28 16:19:35.043 22 COMMIT 
2015-01-28 16:19:35.061 22 SELECT TOP 1 current_timestamp FROM INFORMATION_SCHEMA.SYSTEM_TABLES 
2015-01-28 16:19:35.129 18 ROLLBACK 
2015-01-28 16:19:35.129 20 ROLLBACK 
2015-01-28 16:19:35.129 19 ROLLBACK 
2015-01-28 16:19:35.129 22 ROLLBACK 
2015-01-28 16:19:35.130 21 ROLLBACK 
2015-01-28 16:27:40.040 25 SELECT * FROM INFORMATION_SCHEMA.SYSTEM_TYPEINFO 
2015-01-28 16:27:40.593 27 delete from skidummy.eventinfo 
2015-01-28 16:27:40.594 27 COMMIT 
2015-01-28 16:27:40.657 27 insert into skidummy.eventinfo (id, email, first, last, cell, pref, resort, skiday, skill) values (default, ?, ?, ?, ?, ?, ?, ?, ?) ('','Will','','','','',NULL,'')
2015-01-28 16:27:40.657 27 COMMIT 
2015-01-28 16:27:40.749 27 select this_.id as id1_0_0_, this_.email as email2_0_0_, this_.first as first3_0_0_, this_.last as last4_0_0_, this_.cell as cell5_0_0_, this_.pref as pref6_0_0_, this_.resort as resort7_0_0_, this_.skiday as skiday8_0_0_, this_.skill as skill9_0_0_ from skidummy.eventinfo this_ 
2015-01-28 16:27:40.749 27 COMMIT 
2015-01-28 16:27:40.833 26 ROLLBACK 
2015-01-28 16:27:40.834 27 ROLLBACK 
2015-01-28 16:27:40.834 24 ROLLBACK 
2015-01-28 16:27:40.834 25 ROLLBACK 
2015-01-28 16:27:40.834 23 ROLLBACK 
