/*C14*/SET SCHEMA SKIDUMMY
DELETE FROM EVENTINFO WHERE ID=200
COMMIT
/*C12*/SET SCHEMA SKIDUMMY
INSERT INTO EVENTINFO VALUES(201,'Bill','','','',NULL,'','','')
COMMIT
INSERT INTO EVENTINFO VALUES(202,'Bob','','','',NULL,'','','')
COMMIT
/*C10*/SET SCHEMA SKIDUMMY
DELETE FROM EVENTINFO WHERE ID=201
DELETE FROM EVENTINFO WHERE ID=202
COMMIT
/*C11*/SET SCHEMA SKIDUMMY
INSERT INTO EVENTINFO VALUES(203,'Joe','Doe','303-333-3333','Joe.Doe@Inter.Net','2015-01-31','Copper','Snowboard','Hack')
COMMIT
DELETE FROM EVENTINFO WHERE ID=203
COMMIT
/*C16*/SET SCHEMA SKIDUMMY
INSERT INTO EVENTINFO VALUES(204,'Joe','Doe','303-333-3333','Joe.Doe@Inter.Net','2015-01-31','Copper','Snowboard','Hack')
COMMIT
DELETE FROM EVENTINFO WHERE ID=204
COMMIT
/*C15*/SET SCHEMA SKIDUMMY
INSERT INTO EVENTINFO VALUES(205,'Joe','Doe','303-333-3333','Joe.Doe@Inter.Net','2015-01-31','Copper','Snowboard','Hack')
COMMIT
/*C11*/SET SCHEMA PUBLIC
DISCONNECT
/*C12*/SET SCHEMA PUBLIC
DISCONNECT
/*C10*/SET SCHEMA PUBLIC
DISCONNECT
/*C13*/SET SCHEMA PUBLIC
DISCONNECT
/*C14*/SET SCHEMA PUBLIC
DISCONNECT
/*C17*/SET SCHEMA PUBLIC
DISCONNECT
/*C16*/SET SCHEMA PUBLIC
DISCONNECT
/*C15*/SET SCHEMA PUBLIC
DISCONNECT
